<?xml version="1.0" encoding="UTF-8"?>
<testng-results ignored="0" total="2" passed="2" failed="0" skipped="0">
  <reporter-output>
  </reporter-output>
  <suite started-at="2021-10-26T16:42:20 IST" name="parallel" finished-at="2021-10-26T16:42:44 IST" duration-ms="24296">
    <groups>
    </groups>
    <test started-at="2021-10-26T16:42:20 IST" name="Emulator" finished-at="2021-10-26T16:42:44 IST" duration-ms="24296">
      <class name="testScripts.TestScript">
        <test-method signature="setup2()[pri:0, instance:testScripts.TestScript@5fbe4146]" started-at="2021-10-26T16:42:20 IST" name="setup2" finished-at="2021-10-26T16:42:44 IST" duration-ms="24245" status="PASS">
          <reporter-output>
          </reporter-output>
        </test-method> <!-- setup2 -->
        <test-method signature="setup()[pri:0, instance:testScripts.TestScript@5fbe4146]" started-at="2021-10-26T16:42:20 IST" name="setup" finished-at="2021-10-26T16:42:42 IST" duration-ms="22286" status="PASS">
          <reporter-output>
          </reporter-output>
        </test-method> <!-- setup -->
      </class> <!-- testScripts.TestScript -->
    </test> <!-- Emulator -->
  </suite> <!-- parallel -->
</testng-results>
